TN:
SF:src\application\usecases\companies\create\CreateCompanyUseCase.ts
FN:18,execute
FN:13,CreateCompanyUseCase
FNF:2
FNH:2
FNDA:5,execute
FNDA:3,CreateCompanyUseCase
DA:1,1
DA:2,1
DA:3,1
DA:4,1
DA:5,1
DA:6,1
DA:7,1
DA:8,1
DA:9,1
DA:10,1
DA:11,1
DA:12,1
DA:13,1
DA:14,3
DA:15,3
DA:16,3
DA:17,1
DA:18,1
DA:19,5
DA:20,5
DA:21,5
DA:22,5
DA:23,5
DA:24,5
DA:25,5
DA:26,5
DA:27,1
DA:28,1
DA:29,4
DA:30,4
DA:31,4
DA:32,4
DA:33,4
DA:34,4
DA:35,4
DA:36,4
DA:37,1
LF:37
LH:37
BRDA:15,0,0,0
BRDA:18,1,0,5
BRDA:26,2,0,1
BRDA:29,3,0,4
BRDA:13,4,0,3
BRF:5
BRH:4
end_of_record
TN:
SF:src\application\usecases\companies\list\ListCompanyUseCase.ts
FN:14,execute
FN:9,ListCompanyUseCase
FNF:2
FNH:2
FNDA:1,execute
FNDA:1,ListCompanyUseCase
DA:1,1
DA:2,1
DA:3,1
DA:4,1
DA:5,1
DA:6,1
DA:7,1
DA:8,1
DA:9,1
DA:10,1
DA:11,1
DA:12,1
DA:13,1
DA:14,1
DA:15,1
DA:16,1
DA:17,1
LF:17
LH:17
BRDA:11,0,0,0
BRDA:14,1,0,1
BRDA:9,2,0,1
BRF:3
BRH:2
end_of_record
TN:
SF:src\application\usecases\employees\create\CreateEmployeeUseCase.ts
FN:18,execute
FN:13,CreateEmployeeUseCase
FNF:2
FNH:2
FNDA:5,execute
FNDA:3,CreateEmployeeUseCase
DA:1,1
DA:2,1
DA:3,1
DA:4,1
DA:5,1
DA:6,1
DA:7,1
DA:8,1
DA:9,1
DA:10,1
DA:11,1
DA:12,1
DA:13,1
DA:14,3
DA:15,3
DA:16,3
DA:17,1
DA:18,1
DA:19,5
DA:20,5
DA:21,5
DA:22,5
DA:23,5
DA:24,5
DA:25,5
DA:26,1
DA:27,1
DA:28,4
DA:29,4
DA:30,4
DA:31,4
DA:32,4
DA:33,1
LF:33
LH:33
BRDA:15,0,0,0
BRDA:18,1,0,5
BRDA:25,2,0,1
BRDA:28,3,0,4
BRDA:13,4,0,3
BRF:5
BRH:4
end_of_record
TN:
SF:src\application\usecases\employees\list\ListEmployeeUseCase.ts
FN:14,execute
FN:9,ListEmployeeUseCase
FNF:2
FNH:2
FNDA:1,execute
FNDA:1,ListEmployeeUseCase
DA:1,1
DA:2,1
DA:3,1
DA:4,1
DA:5,1
DA:6,1
DA:7,1
DA:8,1
DA:9,1
DA:10,1
DA:11,1
DA:12,1
DA:13,1
DA:14,1
DA:15,1
DA:16,1
DA:17,1
LF:17
LH:17
BRDA:11,0,0,0
BRDA:14,1,0,1
BRDA:9,2,0,1
BRF:3
BRH:2
end_of_record
