TN:
SF:src\application\usecases\companies\create\CreateCompanyUseCase.ts
FN:18,execute
FN:13,CreateCompanyUseCase
FNF:2
FNH:2
FNDA:6,execute
FNDA:5,CreateCompanyUseCase
DA:1,1
DA:2,1
DA:3,1
DA:4,1
DA:5,1
DA:6,1
DA:7,1
DA:8,1
DA:9,1
DA:10,1
DA:11,1
DA:12,1
DA:13,1
DA:14,5
DA:15,5
DA:16,5
DA:17,1
DA:18,1
DA:19,6
DA:20,6
DA:21,6
DA:22,6
DA:23,6
DA:24,6
DA:25,6
DA:26,6
DA:27,1
DA:28,1
DA:29,5
DA:30,5
DA:31,5
DA:32,5
DA:33,5
DA:34,5
DA:35,5
DA:36,5
DA:37,1
LF:37
LH:37
BRDA:15,0,0,0
BRDA:18,1,0,6
BRDA:26,2,0,1
BRDA:29,3,0,5
BRDA:13,4,0,5
BRF:5
BRH:4
end_of_record
TN:
SF:src\application\usecases\companies\list\ListCompanyUseCase.ts
FN:14,execute
FN:9,ListCompanyUseCase
FNF:2
FNH:2
FNDA:1,execute
FNDA:1,ListCompanyUseCase
DA:1,1
DA:2,1
DA:3,1
DA:4,1
DA:5,1
DA:6,1
DA:7,1
DA:8,1
DA:9,1
DA:10,1
DA:11,1
DA:12,1
DA:13,1
DA:14,1
DA:15,1
DA:16,1
DA:17,1
LF:17
LH:17
BRDA:11,0,0,0
BRDA:14,1,0,1
BRDA:9,2,0,1
BRF:3
BRH:2
end_of_record
TN:
SF:src\application\usecases\companies\show\ShowCompanyUseCase.ts
FN:15,execute
FN:10,ShowCompanyUseCase
FNF:2
FNH:2
FNDA:2,execute
FNDA:2,ShowCompanyUseCase
DA:1,1
DA:2,1
DA:3,1
DA:4,1
DA:5,1
DA:6,1
DA:7,1
DA:8,1
DA:9,1
DA:10,1
DA:11,2
DA:12,2
DA:13,2
DA:14,1
DA:15,1
DA:16,2
DA:17,2
DA:18,2
DA:19,2
DA:20,2
DA:21,1
DA:22,1
DA:23,1
DA:24,1
DA:25,1
DA:26,1
LF:26
LH:26
BRDA:12,0,0,0
BRDA:15,1,0,2
BRDA:20,2,0,1
BRDA:10,3,0,2
BRF:4
BRH:3
end_of_record
TN:
SF:src\application\usecases\employees\create\CreateEmployeeUseCase.ts
FN:22,execute
FN:14,CreateEmployeeUseCase
FNF:2
FNH:2
FNDA:5,execute
FNDA:5,CreateEmployeeUseCase
DA:1,1
DA:2,1
DA:3,1
DA:4,1
DA:5,1
DA:6,1
DA:7,1
DA:8,1
DA:9,1
DA:10,1
DA:11,1
DA:12,1
DA:13,1
DA:14,1
DA:15,5
DA:16,5
DA:17,5
DA:18,5
DA:19,5
DA:20,5
DA:21,1
DA:22,1
DA:23,5
DA:24,5
DA:25,5
DA:26,5
DA:27,5
DA:28,5
DA:29,5
DA:30,1
DA:31,1
DA:32,4
DA:33,4
DA:34,4
DA:35,5
DA:36,1
DA:37,1
DA:38,3
DA:39,3
DA:40,3
DA:41,3
DA:42,3
DA:43,1
LF:43
LH:43
BRDA:16,0,0,0
BRDA:19,1,0,0
BRDA:22,2,0,5
BRDA:29,3,0,1
BRDA:32,4,0,4
BRDA:35,5,0,1
BRDA:38,6,0,3
BRDA:14,7,0,5
BRF:8
BRH:6
end_of_record
TN:
SF:src\application\usecases\employees\delete\DeleteEmployeeUseCase.ts
FN:13,execute
FN:8,DeleteEmployeeUseCase
FNF:2
FNH:2
FNDA:2,execute
FNDA:2,DeleteEmployeeUseCase
DA:1,1
DA:2,1
DA:3,1
DA:4,1
DA:5,1
DA:6,1
DA:7,1
DA:8,1
DA:9,2
DA:10,2
DA:11,2
DA:12,1
DA:13,1
DA:14,2
DA:15,2
DA:16,2
DA:17,1
DA:18,1
DA:19,1
DA:20,1
DA:21,1
DA:22,1
LF:22
LH:22
BRDA:10,0,0,0
BRDA:13,1,0,2
BRDA:16,2,0,1
BRDA:8,3,0,2
BRF:4
BRH:3
end_of_record
TN:
SF:src\application\usecases\employees\list\ListEmployeeUseCase.ts
FN:14,execute
FN:9,ListEmployeeUseCase
FNF:2
FNH:2
FNDA:1,execute
FNDA:1,ListEmployeeUseCase
DA:1,1
DA:2,1
DA:3,1
DA:4,1
DA:5,1
DA:6,1
DA:7,1
DA:8,1
DA:9,1
DA:10,1
DA:11,1
DA:12,1
DA:13,1
DA:14,1
DA:15,1
DA:16,1
DA:17,1
LF:17
LH:17
BRDA:11,0,0,0
BRDA:14,1,0,1
BRDA:9,2,0,1
BRF:3
BRH:2
end_of_record
TN:
SF:src\application\usecases\employees\show\ShowEmployeeUseCase.ts
FN:18,execute
FN:13,ShowEmployeeUseCase
FNF:2
FNH:2
FNDA:2,execute
FNDA:2,ShowEmployeeUseCase
DA:1,1
DA:2,1
DA:3,1
DA:4,1
DA:5,1
DA:6,1
DA:7,1
DA:8,1
DA:9,1
DA:10,1
DA:11,1
DA:12,1
DA:13,1
DA:14,2
DA:15,2
DA:16,2
DA:17,1
DA:18,1
DA:19,2
DA:20,2
DA:21,2
DA:22,2
DA:23,2
DA:24,1
DA:25,1
DA:26,1
DA:27,1
DA:28,1
DA:29,1
LF:29
LH:29
BRDA:15,0,0,0
BRDA:18,1,0,2
BRDA:23,2,0,1
BRDA:13,3,0,2
BRF:4
BRH:3
end_of_record
TN:
SF:src\application\usecases\employees\update\UpdateEmployeeUseCase.ts
FN:22,execute
FN:14,UpdateEmployeeUseCase
FNF:2
FNH:2
FNDA:4,execute
FNDA:4,UpdateEmployeeUseCase
DA:1,1
DA:2,1
DA:3,1
DA:4,1
DA:5,1
DA:6,1
DA:7,1
DA:8,1
DA:9,1
DA:10,1
DA:11,1
DA:12,1
DA:13,1
DA:14,1
DA:15,4
DA:16,4
DA:17,4
DA:18,4
DA:19,4
DA:20,4
DA:21,1
DA:22,1
DA:23,4
DA:24,4
DA:25,4
DA:26,4
DA:27,4
DA:28,4
DA:29,1
DA:30,1
DA:31,3
DA:32,4
DA:33,1
DA:34,1
DA:35,1
DA:36,1
DA:37,1
DA:38,1
DA:39,1
DA:40,1
DA:41,2
DA:42,2
DA:43,2
DA:44,4
DA:45,1
DA:46,1
DA:47,1
DA:48,1
DA:49,1
DA:50,1
DA:51,1
DA:52,1
DA:53,1
DA:54,1
DA:55,1
DA:56,1
DA:57,1
DA:58,1
LF:58
LH:58
BRDA:16,0,0,0
BRDA:19,1,0,0
BRDA:22,2,0,4
BRDA:28,3,0,1
BRDA:31,4,0,3
BRDA:32,5,0,1
BRDA:41,6,0,2
BRDA:44,7,0,1
BRDA:14,8,0,4
BRF:9
BRH:7
end_of_record
